<?xml version="1.0" encoding="UTF-8"?>
<!-- Generated by org.testng.reporters.JUnitReportReporter -->
<testsuite name="com.script.Regression" tests="1" time="0.017" ignored="0" failures="0" timestamp="18 Jul 2017 17:57:15 GMT" skipped="0" hostname="ssharma-L" errors="0">
  <testcase name="sample" time="0.017" classname="com.script.Regression"/>
</testsuite> <!-- com.script.Regression -->
